{
  "RSpec": {
    "coverage": {
      "/Users/apprentice/Desktop/StackUnderflow/app/controllers/questions_controller.rb": [
        1,
        1,
        null,
        1,
        null,
        6,
        6,
        null,
        null,
        1,
        null,
        3,
        null,
        null,
        1,
        3,
        null,
        3,
        3,
        3,
        null,
        3,
        null,
        0,
        0,
        0,
        null,
        null,
        null,
        1,
        0,
        null,
        0,
        0,
        null,
        0,
        null,
        null,
        null,
        1,
        0,
        null,
        null,
        1,
        0,
        0,
        null,
        null,
        1,
        0,
        0,
        0,
        null,
        null,
        1,
        3,
        null,
        null,
        1,
        0,
        null,
        null,
        1,
        1,
        null,
        3,
        null,
        null,
        null
      ],
      "/Users/apprentice/Desktop/StackUnderflow/app/controllers/application_controller.rb": [
        1,
        null,
        null,
        1,
        null,
        1,
        1,
        33,
        null,
        null,
        1,
        1,
        0,
        null,
        null,
        null,
        1,
        0,
        null,
        0,
        null,
        null,
        null,
        null,
        null,
        null,
        null,
        0,
        0,
        null,
        null
      ],
      "/Users/apprentice/Desktop/StackUnderflow/app/models/question.rb": [
        1,
        1,
        1,
        1,
        1,
        null,
        1,
        null
      ],
      "/Users/apprentice/Desktop/StackUnderflow/app/models/user.rb": [
        1,
        1,
        1,
        1,
        1,
        1,
        1,
        null,
        null,
        1,
        1,
        null
      ],
      "/Users/apprentice/Desktop/StackUnderflow/app/controllers/sessions_controller.rb": [
        1,
        1,
        3,
        null,
        null,
        1,
        3,
        3,
        3,
        3,
        null,
        0,
        0,
        null,
        null,
        null,
        1,
        0,
        0,
        null,
        null
      ],
      "/Users/apprentice/Desktop/StackUnderflow/app/models/vote.rb": [
        1,
        1,
        1,
        null,
        1,
        null,
        null
      ],
      "/Users/apprentice/Desktop/StackUnderflow/app/controllers/votes_controller.rb": [
        1,
        1,
        null,
        1,
        0,
        null,
        null,
        1,
        2,
        2,
        2,
        2,
        2,
        null,
        0,
        null,
        null,
        null,
        1,
        1,
        1,
        1,
        1,
        1,
        null,
        0,
        null,
        null,
        null,
        null
      ]
    },
    "timestamp": 1425155013
  }
}
