{
  "RSpec": {
    "coverage": {
      "/Users/apprentice/Desktop/Thursday/StackUnderflow/app/models/answer.rb": [
        1,
        1,
        1,
        1,
        1,
        null,
        1,
        null
      ],
      "/Users/apprentice/Desktop/Thursday/StackUnderflow/app/models/question.rb": [
        1,
        1,
        1,
        1,
        1,
        null,
        1,
        null
      ],
      "/Users/apprentice/Desktop/Thursday/StackUnderflow/app/models/user.rb": [
        1,
        1,
        1,
        1,
        1,
        1,
        1,
        null,
        null,
        1,
        1,
        null
      ],
      "/Users/apprentice/Desktop/Thursday/StackUnderflow/app/models/vote.rb": [
        1,
        1,
        1,
        null,
        1,
        null,
        null
      ],
      "/Users/apprentice/Desktop/Thursday/StackUnderflow/app/controllers/questions_controller.rb": [
        1,
        1,
        null,
        1,
        null,
        14,
        14,
        null,
        null,
        1,
        null,
        4,
        null,
        null,
        1,
        3,
        null,
        3,
        1,
        1,
        null,
        1,
        null,
        2,
        2,
        2,
        null,
        null,
        null,
        1,
        1,
        null,
        1,
        1,
        null,
        0,
        null,
        null,
        null,
        1,
        0,
        null,
        null,
        1,
        0,
        0,
        null,
        null,
        1,
        0,
        0,
        0,
        null,
        null,
        1,
        3,
        null,
        null,
        1,
        2,
        null,
        null,
        1,
        1,
        null,
        3,
        null,
        null,
        null
      ],
      "/Users/apprentice/Desktop/Thursday/StackUnderflow/app/controllers/application_controller.rb": [
        1,
        null,
        null,
        1,
        null,
        1,
        1,
        53,
        null,
        null,
        1,
        1,
        1,
        null,
        null,
        null,
        1,
        3,
        null,
        3,
        null,
        null,
        null,
        null,
        null,
        null,
        null,
        3,
        3,
        null,
        null
      ],
      "/Users/apprentice/Desktop/Thursday/StackUnderflow/app/controllers/sessions_controller.rb": [
        1,
        1,
        6,
        null,
        null,
        1,
        6,
        6,
        6,
        6,
        null,
        0,
        0,
        null,
        null,
        null,
        1,
        0,
        0,
        null,
        null
      ]
    },
    "timestamp": 1425155195
  }
}
